[devscan]
scan_dev=1:1:11:-1:0x1:512:2097152:\\?\Volume{ed38d449-131c-11f1-a478-a8a1595c6a06}
scan_range="0x0-0x40000000"
scan_ltrack=1.1:0x0:1.1:842:667:0x64320bb93b000
scan_ltrackorg=1.1:842:0x3bf:0x1:0x0:0x40000000:0x400000
scan_lbps=512
scan_state_sec="block:0x2000;inc:0x0;first:0x0;shift:0x0;sec:0x200000;set:0x0"
scan_modules=0x3bf
module_flags="10;0x7,0x7,0x7,0x7,0x7,0x7,0x7,0x7,0x7,0x7,"
module_states="10;0x10,0x10,0x10,0x10,0x10,0x10,0x0,0x10,0x10,0x10,"
expgrp="10;0x0,0x1,0x1,0x1,0x1,0x1,0x0,0x1,0x1,0x1,"
modselected=2
volselected=0
volsortcol=3
extarr="136;xml,reg,png,pdf,exe,msi,chm,jpeg,jpg,jpe,jfif,jif,jfi,wav,gif,rtf,doc,\
html,htm,7z,vdi,vmdk,mp3,avi,cr2,nef,nrw,dng,tiff,tif,dcr,ps,eps,xls,ppt,msp,wmv,\
wma,asf,psd,aiff,aifc,aif,iff,snd,flac,midi,mid,arc,bz2,tbz2,tar,ogg,oga,ogv,cab,\
rar,iso,docx,xlsx,pptx,ott,odt,otg,odg,otp,odp,ots,ods,otc,odc,oti,odi,otf,odf,oth,\
odm,apk,jar,zip,zipx,mkv,flv,mov,mp4,dll,mui,ocx,sys,cpl,vhd,vhdx,pst,ost,pab,bmp,\
m2ts,mts,djvu,djv,mpeg,mpg,mpe,crw,srw,raf,orf,cr3,heic,heif,key,numbers,pages,webp,\
svg,arw,sr2,srf,erf,3fr,kdc,mos,mef,pef,raw,rw2,mrw,x3f,webm,hevc,mxf,braw,dat,ai,\
indd,indt"

[rawscan]
scan_vorg=1.3
scan_modltrack=1.0:0x0:1.3:842:604:0x65223f1825000
scan_modltrackorg=1.3:842:0x0:0x0
ft_opmask=0x3ff
ft_op[gif.]=0x8
ft_op[jpg.]=0x88
ft_op[png.]=0x8
ft_op[pdf.]=0x8
ft_op[zip.]=0x8
ft_op[mpeg.]=0x8
ft_op[.]=0x0
ft_op[xml]=0x800
ft_op[reg]=0x800
ft_op[png]=0x2
ft_op[pdf]=0x0
ft_op[exe-DOS]=0x11
ft_op[exe-Win]=0x0
ft_op[chm]=0x0
ft_op[jpeg]=0x0
ft_op[wav]=0x0
ft_op[gif]=0x2
ft_op[rtf]=0x800
ft_op[html]=0x800
ft_op[7z]=0x2
ft_op[vdi]=0x4
ft_op[vmdk]=0x4
ft_op[mp3]=0x1
ft_op[avi]=0x0
ft_op[cr2]=0x0
ft_op[nef]=0x0
ft_op[tiff]=0x0
ft_op[ps]=0x800
ft_op[doc-]=0x200
ft_op[wmv]=0x0
ft_op[psd]=0x0
ft_op[aiff]=0x0
ft_op[flac]=0x0
ft_op[midi]=0x0
ft_op[arc]=0x0
ft_op[bz2]=0x0
ft_op[tar]=0x224
ft_op[ogg]=0x0
ft_op[cab]=0x3
ft_op[gz]=0x13
ft_op[rar]=0x102
ft_op[iso]=0x204
ft_op_scmxofs[iso]=10240
ft_op[docx-]=0x2
ft_op[ott]=0x2
ft_op[odt]=0x2
ft_op[otg]=0x2
ft_op[odg]=0x2
ft_op[otp]=0x2
ft_op[odp]=0x2
ft_op[ots]=0x2
ft_op[ods]=0x2
ft_op[otc]=0x2
ft_op[odc]=0x2
ft_op[oti]=0x2
ft_op[odi]=0x2
ft_op[otf]=0x2
ft_op[odf]=0x2
ft_op[oth]=0x2
ft_op[odm]=0x2
ft_op[apk]=0x2
ft_op[jar]=0x2
ft_op[zip]=0x2
ft_op[zip-null]=0x11
ft_op[mkv]=0x0
ft_op[flv]=0x0
ft_op[mov]=0x0
ft_op[mp4-mov]=0x0
ft_op[mp4]=0x0
ft_op[elf]=0x8
ft_op[dll]=0x0
ft_op[WinPE]=0x0
ft_op[vhd.]=0x8
ft_op[vhd]=0x4
ft_op[vhdx]=0x4
ft_op[vmdk-desc]=0x800
ft_op[pst]=0x0
ft_op[bmp]=0x0
ft_op[mts]=0x200
ft_op[mts-B]=0x210
ft_op[djvu]=0x0
ft_op[docx]=0x2
ft_op[pptx]=0x2
ft_op[xlsx]=0x2
ft_op[doc]=0x200
ft_op[xls]=0x200
ft_op[ppt]=0x200
ft_op[msi]=0x204
ft_op[opt]=0x208
ft_op[thumbs.db]=0x208
ft_op[cdoc-r]=0x9
ft_op[mpeg-A]=0x300
ft_op[mpeg-B]=0x300
ft_op[mpeg-C]=0x300
ft_op[mov-B]=0x0
ft_op[crw]=0x0
ft_op[srw]=0x0
ft_op[raf]=0x0
ft_op[orf]=0x0
ft_op[jpeg-B]=0x0
ft_op[mp3-B]=0x261
ft_op[cr3]=0x0
ft_op[heic]=0x0
ft_op[iWork]=0x2
ft_op[webp]=0x0
ft_op[svg]=0x800
ft_op[tiff64]=0x0
ft_op[arw]=0x0
ft_op[erf]=0x0
ft_op[3fr]=0x0
ft_op[kdc]=0x0
ft_op[mos]=0x0
ft_op[mef]=0x0
ft_op[pef]=0x0
ft_op[raw]=0x0
ft_op[rw2]=0x0
ft_op[mrw]=0x0
ft_op[x3f]=0x0
ft_op[dng]=0x0
ft_op[webm]=0x0
ft_op[hevc]=0x0
ft_op[mxf.]=0x8
ft_op[mxf]=0x100
ft_op[braw.]=0x8
ft_op[braw]=0x100
ft_op[wallet.dat]=0x0
ft_op[xml-migr]=0x800
ft_op[xmlhtml]=0x800
ft_op[ai]=0x0
ft_op[indd.]=0x8
ft_op[indd]=0x4
ft_op_scmxofs[indd]=4096
ft_sort="127;Archives,7z,arc,bz2,cab,gz,rar,tar,zip,zip-null,Documents,chm,djvu,\
doc,doc-,docx,docx-,iWork,odc,odf,odg,odi,odm,odp,ods,odt,opt,otc,otf,otg,oth,oti,\
otp,ots,ott,pdf,ppt,pptx,ps,pst,rtf,xls,xlsx,Graphics,3fr,arw,bmp,cr2,cr3,crw,dng,\
erf,gif,heic,jpeg,jpeg-B,kdc,mef,mos,mrw,nef,orf,pef,png,psd,raf,raw,rw2,srw,svg,\
tiff,tiff64,webp,x3f,Media,aiff,avi,braw,flac,flv,hevc,midi,mkv,mov,mov-B,mp3,mp3-B,\
mp4,mp4-mov,mpeg-A,mpeg-B,mpeg-C,mts,mts-B,mxf,ogg,wav,webm,wmv,Text,html,reg,xml,\
xml-migr,xmlhtml,DiskImages,iso,vdi,vhd,vhd.,vhdx,vmdk,vmdk-desc,Executable,apk,\
dll,elf,exe-DOS,exe-Win,jar,msi,WinPE,Other,ai,indd,thumbs.db,wallet.dat,"
ft[gif.]=!"1;215e400:0"
ft[jpg.]=!"1;26f7a800:0"
ft[.]=!"79;c438:447c8ua9c04Vc4j8a287n79p9be93n6dmae36d-96dh3a5f3bIt8b945rbh30b05d-5d\
i4ec1b-1brf6539h0c7p4d09dMfqb7e54Hbh26bd55qbn6ca78Kem3604cItf9bfdjt2be03-sc7fc5jb\
u7b3cdj3h36d1d8i8h8b4069Ifhad627Op51ffblh0b780aJu82{+l77c1f|i7e1q391e2Ih95dbc6ja\
sa79c7j9uf4385nbh513233-33h30b05d-5di4ec1b-1brf6539h0c7h404ef1Hbh26bd55qbn6ca78Ke\
m3604cItf9bfdjt2be03-sc7fc5jbu7b3cdj3h36d1d8i8h8b4069Ifhad627Op51ffblh0b780aJu82{+\
l77c1f|i7e1q1b660P84h0e2d34kccvd5e4e-4eo85e13hedv607d5Has21fa5lbuf4385nbh513233-33\
h30b05d-5di4ec1b-1bs2c13di4c3h4072edHbh26bd55qbn6ca78Kem3604cItf9bfdjt2be03-sc7fc5jb\
u7b3cdj3h36d1d8i8h8b4069Ifhad627Op51ffblue9a08Ll2dc01-1p193ff-ted999m7q13d00h00p359e8o18\
v2ad34kcc"
ft[png]=!"23;29aa5000:344h{R2.v-5a--9-52m0-2M0~u1m5hk4.khcf137~hd0R2h-54.m4-42l2\
M5h9-3-1a"
ft[exe-Win]=!"3;21af000:a4fa6000I7155{O267f{JdbaaG"
ft[cab]=!"3;6f00e00:93be4000T5727}K76779}H82cf7G"
ft[elf]=!"291;297d4000:80003000j{-2{hhi=+-1hjk-h=.+m~nkr-ahhi-h-i=+-1h=.+++n~o-hk\
l-h=.++*9h~i-@b?5+i~j+l-4h=.++++i~j-hhi-h-i-h=+lm=+-4i=+-1h-i-h-i=.++j~l-1k-3h=+o\
p-hlmkq-6klp-2n-4jil-4hpq-h=+ij-h=.+j~k-1j-2h=+jkim-4ihjjm-j=+jm=.+h~n=+-5i=+oq-7\
j-2h=+jk-2i=.+-1~h=.+h~i=+-1h-i-hij-1@1b?6~h-i-h-iikko-k-2i=+-1h=+hi-@@6hjk-1j.i\
h~-i-h=.++*ai~j-hqr-h=+jk=+-2irt-chhihche-1bj-1i+h=.+i~j-h=.++*8h~i-h=+hi-h=.++i\
~j-1i=+-1h-i-h=.++o~p-@9?5+*4s~t-ajhk-2i-1@21?9h~i+j-2hhi=.+-1~h-i-h=+hi-h-i-hkl-\
hhi+j-i+h=.+h~i=+-1h=.+++i~j-1i=.++h~j-2hhi-@19?bi+h-i=.++k~m-5hhi-h=+hiln-6h=+j\
kos-ai=+qs-9jh2"
ft[dll]=!"76;ebd000:80092000p2{-7e{h4-7t-h4-toh5-t-h5-tnh4-1h3-6tnh4-toh5=+-1h4-7\
tph6-1h5-8t-h5=+-8tnh4-tlh2-6slh1-sph5hh6-h5=+i7jc-h5=+kfm4-50h4-7t-h4-@@5*3tph6-7\
vmh5=+-1h4-8sph5=.+-1~h4-8s-h4-7toh5-5h0-4s-h0-5rqh5=+-4h1sfdt0e-cf6h8hbehd6-1c1\
h5=+-4h1Q7423{"

[ntfsscan3.1]
scan_dev=1:1:11:-1:0x1:512:2097152:"\\?\Volume{ed38d449-131c-11f1-a478-a8a1595c6a06}"
scan_vorg=3.4
scan_range="0x0-0x40000000"
scan_state_sec="block:0x2000;inc:0x2000;first:0x0;shift:0x0;sec:0x200000;set:0x0"
scan_flags=0x7
mftsortcol=0
mftsortrev=0
mftcheckmask=0x22c
mftfiltminlen=0
mftfiltmaxlen=0
mftfiltofs=0x0-0x0
mftfiltnum=0-0
MFTRuns="0;"
INDX_recs_times=0
INDX_ofs="0;"
volstartstotnum=0
volstarts="2;0x7e00:1:0x2,0x0:1:0x2,"
volstartsother=0
maxmftnumallow=2147483647
maxvolsize=0x40000000
volumes="0;"
scan_vorg=3.4
scan_modltrack=0.0:0x0:3.4:842:0:0xf2c7b908a2000
scan_modltrackorg=3.4:842:0x0:0x0

[fatscan]
scan_dev=1:1:11:-1:0x1:512:2097152:"\\?\Volume{ed38d449-131c-11f1-a478-a8a1595c6a06}"
scan_range="0x0-0x40000000"
scan_state_sec="block:0x2000;inc:0x2000;first:0x0;shift:0x0;sec:0x200000;set:0x0"
volumes_number=4
volume0="FS:2; CLUS:0x1000; start:0x204000; size:0x0"
volume0_params="2; 0x0; 0x4000; 0xffffffffffffffff; 52; 0x7; 0xc00"
volume1="FS:0; CLUS:0x800; start:0x85a800; size:0x0"
volume1_params="-1; 0xffffffffffffffff; 0xffffffffffffffff; 0xffffffffffffffff; 1; 0x0; 0xffffffffffffffff"
volume2="FS:0; CLUS:0x400; start:0xb85c00; size:0x0"
volume2_params="-1; 0xffffffffffffffff; 0xffffffffffffffff; 0xffffffffffffffff; 1; 0x0; 0xffffffffffffffff"
volume3="FS:0; CLUS:0x200; start:0xd1b600; size:0x0"
volume3_params="-1; 0xffffffffffffffff; 0xffffffffffffffff; 0xffffffffffffffff; 1; 0x0; 0xffffffffffffffff"
volumeselected=-1
volumesortcol=1
dirclus="52;0xeb1000:3247:0,0xeb3000:3249:0,0xeb5000:3251:0,0xeb6000:3252:3251,0xeb8000:3254:3249,\
0xeb9000:3255:3254,0xeba000:3256:0,0xebb000:3257:3256,0xf4e000:3404:3247,0xf6f000:3437:3247,\
0xf90000:3470:3247,0xfb2000:3504:3247,0xfd4000:3538:3247,0xfe8000:3558:3247,0x1008000:3590:3247,\
0x1029000:3623:3247,0x103e000:3644:3247,0x1053000:3665:3247,0x1074000:3698:3247,\
0x108a000:3720:3247,0x10ac000:3754:3247,0x10c1000:3775:3247,0x10e3000:3809:3247,\
0x1104000:3842:3247,0x1122000:3872:3247,0x113f000:3901:3247,0x1154000:3922:3247,\
0x125e000:4188:3247,0x127f000:4221:3247,0x12a0000:4254:3247,0x12c1000:4287:3247,\
0x12e2000:4320:3247,0x1303000:4353:3247,0x1328000:4390:3247,0x133d000:4411:3247,\
0x1352000:4432:3247,0x1372000:4464:3247,0x1387000:4485:3247,0x139c000:4506:3247,\
0x13b1000:4527:3247,0x13d1000:4559:3247,0x13f2000:4592:3247,0x1407000:4613:3247,\
0x1423000:4641:3247,0x2187000:8069:3247,0x219f000:8093:8069,0x29212000:167952:0,\
0x29213000:167953:167952,0x29214000:167954:167952,0x29a9d000:170139:167952,0x29a9e000:170140:170139,\
0x29d6c000:170858:167952,"
dirfrags="7;0x204000,0xeb2200,0x29848000,0x29907000,0x299a6000,0x29a0a000,0x29a7c000,"
folder_frags_found=59
scan_modltrack=0.0:0x0:0.0:842:63:0x487294ce0000
scan_modltrackorg=0.0:842:0x0:0x0

[exfatscan]
scan_vorg=1.0
scan_modltrack=0.0:0x0:1.0:842:0:0x20b393c3b9000
scan_modltrackorg=1.0:842:0x0:0x0
volsnum=0
dirs="0;"
dirs_ct=";;0"

[extfsscan]
scan_modltrack=0.0:0x0:0.0:842:0:0xe59a09cbbf000
scan_modltrackorg=0.0:842:0x0:0x0
vols="0;"
sblks=!"0;"
dirs=!"0;"
extntblks=!"0;"
itables="0;"

[hfsscan]
scan_vorg=1.1
scan_modltrack=0.0:0x0:1.1:842:0:0xfc8151a450000
scan_modltrackorg=1.1:842:0x0:0x0
volsnum=0
fsruns="0;"
fsruns_ct=";;0"

[refsscan]
scan_vorg=1.1
scan_modltrack=0.0:0x0:1.1:842:0:0xfc8151a450000
scan_modltrackorg=1.1:842:0x0:0x0
nodes="0;"
nodepages=";;0"

[apfsscan]
scan_vorg=1.0
scan_modltrack=0.0:0x0:1.0:842:0:0x20b393c3b9000
scan_modltrackorg=1.0:842:0x0:0x0
nodes="0;"
nodepages=";;0"

[btrfsscan]
scan_vorg=1.0
scan_modltrack=0.0:0x0:1.0:842:0:0x20b393c3b9000
scan_modltrackorg=1.0:842:0x0:0x0
vunum=0
vstarts="0;"
nodes="0;"
